# JRE version: Java(TM) SE Runtime Environment (20.0.1+9) (build 20.0.1+9-29)
# Java VM: Java HotSpot(TM) 64-Bit Server VM (20.0.1+9-29, mixed mode, sharing, tiered, compressed oops, compressed class ptrs, g1 gc, windows-amd64)
GC Precious Log:
 CardTable entry size: 512
 Card Set container configuration: InlinePtr #cards 5 size 8 Array Of Cards #cards 12 size 40 Howl #buckets 4 coarsen threshold 1843 Howl Bitmap #cards 512 size 80 coarsen threshold 460 Card regions per heap region 1 cards per card region 2048
 CPUs: 8 total, 8 available
 Memory: 7871M
 Large Page Support: Disabled
 NUMA Support: Disabled
 Compressed Oops: Enabled (32-bit)
 Heap Region Size: 1M
 Heap Min Capacity: 8M
 Heap Initial Capacity: 124M
 Heap Max Capacity: 1968M
 Pre-touch: Disabled
 Parallel Workers: 8
 Concurrent Workers: 2
 Concurrent Refinement Workers: 8
 Periodic GC: Disabled
Heap:
 garbage-first heap   total 126976K, used 47867K [0x0000000085000000, 0x0000000100000000)
  region size 1024K, 3 young (3072K), 3 survivors (3072K)
 Metaspace       used 7025K, committed 7232K, reserved 1114112K
  class space    used 717K, committed 832K, reserved 1048576K
GC Heap History (15 events):
Event: 0.397 GC heap before
{Heap before GC invocations=0 (full 0):
 garbage-first heap   total 126976K, used 55296K [0x0000000085000000, 0x0000000100000000)
  region size 1024K, 23 young (23552K), 0 survivors (0K)
 Metaspace       used 4671K, committed 4864K, reserved 1114112K
  class space    used 480K, committed 576K, reserved 1048576K
}
Event: 0.401 GC heap after
{Heap after GC invocations=1 (full 0):
 garbage-first heap   total 126976K, used 35264K [0x0000000085000000, 0x0000000100000000)
  region size 1024K, 3 young (3072K), 3 survivors (3072K)
 Metaspace       used 4671K, committed 4864K, reserved 1114112K
  class space    used 480K, committed 576K, reserved 1048576K
}
Event: 1.781 GC heap before
{Heap before GC invocations=1 (full 0):
 garbage-first heap   total 126976K, used 77248K [0x0000000085000000, 0x0000000100000000)
  region size 1024K, 37 young (37888K), 3 survivors (3072K)
 Metaspace       used 6847K, committed 7040K, reserved 1114112K
  class space    used 717K, committed 832K, reserved 1048576K
}
Event: 1.785 GC heap after
{Heap after GC invocations=2 (full 0):
 garbage-first heap   total 126976K, used 44258K [0x0000000085000000, 0x0000000100000000)
  region size 1024K, 4 young (4096K), 4 survivors (4096K)
 Metaspace       used 6847K, committed 7040K, reserved 1114112K
  class space    used 717K, committed 832K, reserved 1048576K
}
Event: 2.098 GC heap before
{Heap before GC invocations=2 (full 0):
 garbage-first heap   total 126976K, used 60642K [0x0000000085000000, 0x0000000100000000)
  region size 1024K, 6 young (6144K), 4 survivors (4096K)
 Metaspace       used 6908K, committed 7104K, reserved 1114112K
  class space    used 717K, committed 832K, reserved 1048576K
}
Event: 2.100 GC heap after
{Heap after GC invocations=3 (full 0):
 garbage-first heap   total 126976K, used 59201K [0x0000000085000000, 0x0000000100000000)
  region size 1024K, 3 young (3072K), 3 survivors (3072K)
 Metaspace       used 6908K, committed 7104K, reserved 1114112K
  class space    used 717K, committed 832K, reserved 1048576K
}
Event: 2.115 GC heap before
{Heap before GC invocations=3 (full 0):
 garbage-first heap   total 126976K, used 61249K [0x0000000085000000, 0x0000000100000000)
  region size 1024K, 5 young (5120K), 3 survivors (3072K)
 Metaspace       used 6908K, committed 7104K, reserved 1114112K
  class space    used 717K, committed 832K, reserved 1048576K
}
Event: 2.118 GC heap after
{Heap after GC invocations=4 (full 0):
 garbage-first heap   total 126976K, used 45802K [0x0000000085000000, 0x0000000100000000)
  region size 1024K, 3 young (3072K), 3 survivors (3072K)
 Metaspace       used 6908K, committed 7104K, reserved 1114112K
  class space    used 717K, committed 832K, reserved 1048576K
}
Event: 2.276 GC heap before
{Heap before GC invocations=4 (full 0):
 garbage-first heap   total 126976K, used 61162K [0x0000000085000000, 0x0000000100000000)
  region size 1024K, 5 young (5120K), 3 survivors (3072K)
 Metaspace       used 6938K, committed 7104K, reserved 1114112K
  class space    used 717K, committed 832K, reserved 1048576K
}
Event: 2.282 GC heap after
{Heap after GC invocations=5 (full 0):
 garbage-first heap   total 126976K, used 59062K [0x0000000085000000, 0x0000000100000000)
  region size 1024K, 3 young (3072K), 3 survivors (3072K)
 Metaspace       used 6938K, committed 7104K, reserved 1114112K
  class space    used 717K, committed 832K, reserved 1048576K
}
Event: 2.294 GC heap before
{Heap before GC invocations=5 (full 0):
 garbage-first heap   total 126976K, used 62134K [0x0000000085000000, 0x0000000100000000)
  region size 1024K, 5 young (5120K), 3 survivors (3072K)
 Metaspace       used 6939K, committed 7168K, reserved 1114112K
  class space    used 717K, committed 832K, reserved 1048576K
}
Event: 2.298 GC heap after
{Heap after GC invocations=6 (full 0):
 garbage-first heap   total 126976K, used 47801K [0x0000000085000000, 0x0000000100000000)
  region size 1024K, 3 young (3072K), 3 survivors (3072K)
 Metaspace       used 6939K, committed 7168K, reserved 1114112K
  class space    used 717K, committed 832K, reserved 1048576K
}
Event: 2.415 GC heap before
{Heap before GC invocations=6 (full 0):
 garbage-first heap   total 126976K, used 61113K [0x0000000085000000, 0x0000000100000000)
  region size 1024K, 5 young (5120K), 3 survivors (3072K)
 Metaspace       used 7015K, committed 7232K, reserved 1114112K
  class space    used 717K, committed 832K, reserved 1048576K
}
Event: 2.418 GC heap after
{Heap after GC invocations=7 (full 0):
 garbage-first heap   total 126976K, used 57976K [0x0000000085000000, 0x0000000100000000)
  region size 1024K, 3 young (3072K), 3 survivors (3072K)
 Metaspace       used 7015K, committed 7232K, reserved 1114112K
  class space    used 717K, committed 832K, reserved 1048576K
}
Event: 2.434 GC heap before
{Heap before GC invocations=7 (full 0):
 garbage-first heap   total 126976K, used 61048K [0x0000000085000000, 0x0000000100000000)
  region size 1024K, 5 young (5120K), 3 survivors (3072K)
 Metaspace       used 7025K, committed 7232K, reserved 1114112K
  class space    used 717K, committed 832K, reserved 1048576K
}

