# JRE version: Java(TM) SE Runtime Environment (20.0.1+9) (build 20.0.1+9-29)
# Java VM: Java HotSpot(TM) 64-Bit Server VM (20.0.1+9-29, mixed mode, sharing, tiered, compressed oops, compressed class ptrs, g1 gc, windows-amd64)
GC Precious Log:
 CardTable entry size: 512
 Card Set container configuration: InlinePtr #cards 5 size 8 Array Of Cards #cards 12 size 40 Howl #buckets 4 coarsen threshold 1843 Howl Bitmap #cards 512 size 80 coarsen threshold 460 Card regions per heap region 1 cards per card region 2048
 CPUs: 8 total, 8 available
 Memory: 7871M
 Large Page Support: Disabled
 NUMA Support: Disabled
 Compressed Oops: Enabled (32-bit)
 Heap Region Size: 1M
 Heap Min Capacity: 8M
 Heap Initial Capacity: 124M
 Heap Max Capacity: 1968M
 Pre-touch: Disabled
 Parallel Workers: 8
 Concurrent Workers: 2
 Concurrent Refinement Workers: 8
 Periodic GC: Disabled
Heap:
 garbage-first heap   total 126976K, used 57077K [0x0000000085000000, 0x0000000100000000)
  region size 1024K, 3 young (3072K), 3 survivors (3072K)
 Metaspace       used 7009K, committed 7232K, reserved 1114112K
  class space    used 717K, committed 832K, reserved 1048576K
GC Heap History (11 events):
Event: 0.333 GC heap before
{Heap before GC invocations=0 (full 0):
 garbage-first heap   total 126976K, used 55296K [0x0000000085000000, 0x0000000100000000)
  region size 1024K, 23 young (23552K), 0 survivors (0K)
 Metaspace       used 4668K, committed 4864K, reserved 1114112K
  class space    used 480K, committed 576K, reserved 1048576K
}
Event: 0.337 GC heap after
{Heap after GC invocations=1 (full 0):
 garbage-first heap   total 126976K, used 35264K [0x0000000085000000, 0x0000000100000000)
  region size 1024K, 3 young (3072K), 3 survivors (3072K)
 Metaspace       used 4668K, committed 4864K, reserved 1114112K
  class space    used 480K, committed 576K, reserved 1048576K
}
Event: 1.812 GC heap before
{Heap before GC invocations=1 (full 0):
 garbage-first heap   total 126976K, used 87488K [0x0000000085000000, 0x0000000100000000)
  region size 1024K, 33 young (33792K), 3 survivors (3072K)
 Metaspace       used 6886K, committed 7104K, reserved 1114112K
  class space    used 715K, committed 832K, reserved 1048576K
}
Event: 1.816 GC heap after
{Heap after GC invocations=2 (full 0):
 garbage-first heap   total 126976K, used 59119K [0x0000000085000000, 0x0000000100000000)
  region size 1024K, 3 young (3072K), 3 survivors (3072K)
 Metaspace       used 6886K, committed 7104K, reserved 1114112K
  class space    used 715K, committed 832K, reserved 1048576K
}
Event: 1.842 GC heap before
{Heap before GC invocations=2 (full 0):
 garbage-first heap   total 126976K, used 62191K [0x0000000085000000, 0x0000000100000000)
  region size 1024K, 5 young (5120K), 3 survivors (3072K)
 Metaspace       used 6897K, committed 7104K, reserved 1114112K
  class space    used 716K, committed 832K, reserved 1048576K
}
Event: 1.845 GC heap after
{Heap after GC invocations=3 (full 0):
 garbage-first heap   total 126976K, used 42737K [0x0000000085000000, 0x0000000100000000)
  region size 1024K, 3 young (3072K), 3 survivors (3072K)
 Metaspace       used 6897K, committed 7104K, reserved 1114112K
  class space    used 716K, committed 832K, reserved 1048576K
}
Event: 1.964 GC heap before
{Heap before GC invocations=3 (full 0):
 garbage-first heap   total 126976K, used 60145K [0x0000000085000000, 0x0000000100000000)
  region size 1024K, 5 young (5120K), 3 survivors (3072K)
 Metaspace       used 6924K, committed 7104K, reserved 1114112K
  class space    used 717K, committed 832K, reserved 1048576K
}
Event: 1.967 GC heap after
{Heap after GC invocations=4 (full 0):
 garbage-first heap   total 126976K, used 57257K [0x0000000085000000, 0x0000000100000000)
  region size 1024K, 3 young (3072K), 3 survivors (3072K)
 Metaspace       used 6924K, committed 7104K, reserved 1114112K
  class space    used 717K, committed 832K, reserved 1048576K
}
Event: 1.980 GC heap before
{Heap before GC invocations=4 (full 0):
 garbage-first heap   total 126976K, used 60329K [0x0000000085000000, 0x0000000100000000)
  region size 1024K, 5 young (5120K), 3 survivors (3072K)
 Metaspace       used 6926K, committed 7104K, reserved 1114112K
  class space    used 717K, committed 832K, reserved 1048576K
}
Event: 1.983 GC heap after
{Heap after GC invocations=5 (full 0):
 garbage-first heap   total 126976K, used 42804K [0x0000000085000000, 0x0000000100000000)
  region size 1024K, 3 young (3072K), 3 survivors (3072K)
 Metaspace       used 6926K, committed 7104K, reserved 1114112K
  class space    used 717K, committed 832K, reserved 1048576K
}
Event: 2.113 GC heap before
{Heap before GC invocations=5 (full 0):
 garbage-first heap   total 126976K, used 60212K [0x0000000085000000, 0x0000000100000000)
  region size 1024K, 5 young (5120K), 3 survivors (3072K)
 Metaspace       used 7009K, committed 7232K, reserved 1114112K
  class space    used 717K, committed 832K, reserved 1048576K
}

